0 info it worked if it ends with ok
1 verbose cli [ '/usr/local/bin/node',
1 verbose cli   '/usr/local/bin/npm',
1 verbose cli   'install',
1 verbose cli   'layui-src' ]
2 info using npm@3.10.10
3 info using node@v6.11.3
4 silly loadCurrentTree Starting
5 silly install loadCurrentTree
6 silly install readLocalPackageData
7 silly fetchPackageMetaData layui-src
8 silly fetchNamedPackageData layui-src
9 silly mapToRegistry name layui-src
10 silly mapToRegistry using default registry
11 silly mapToRegistry registry http://registry.npmjs.org/
12 silly mapToRegistry data Result {
12 silly mapToRegistry   raw: 'layui-src',
12 silly mapToRegistry   scope: null,
12 silly mapToRegistry   escapedName: 'layui-src',
12 silly mapToRegistry   name: 'layui-src',
12 silly mapToRegistry   rawSpec: '',
12 silly mapToRegistry   spec: 'latest',
12 silly mapToRegistry   type: 'tag' }
13 silly mapToRegistry uri http://registry.npmjs.org/layui-src
14 verbose request uri http://registry.npmjs.org/layui-src
15 verbose request no auth needed
16 info attempt registry request try #1 at 14:48:43
17 verbose request id f79c2340d1477adf
18 verbose etag "5a4c3981-57d0"
19 verbose lastModified Wed, 3 Jan 2018 2:01:37 GMT
20 http request GET http://registry.npmjs.org/layui-src
21 http 200 http://registry.npmjs.org/layui-src
22 verbose headers { date: 'Tue, 14 Aug 2018 06:48:44 GMT',
22 verbose headers   'content-type': 'application/json; charset=UTF-8',
22 verbose headers   'transfer-encoding': 'chunked',
22 verbose headers   connection: 'keep-alive',
22 verbose headers   'set-cookie': [ '__cfduid=d1b0d35512889e23a5d1967bd4d08a0101534229323; expires=Wed, 14-Aug-19 06:48:43 GMT; path=/; domain=.registry.npmjs.org; HttpOnly' ],
22 verbose headers   'cache-control': 'max-age=300',
22 verbose headers   'cf-cache-status': 'REVALIDATED',
22 verbose headers   'cf-ray': '44a17a398616b086-HKG',
22 verbose headers   etag: 'W/"92e711438a4588916b8d95c9ce50334b"',
22 verbose headers   'expect-ct': 'max-age=604800, report-uri="https://report-uri.cloudflare.com/cdn-cgi/beacon/expect-ct"',
22 verbose headers   'last-modified': 'Tue, 29 May 2018 05:02:03 GMT',
22 verbose headers   vary: 'accept-encoding, accept',
22 verbose headers   server: 'cloudflare',
22 verbose headers   'content-encoding': 'gzip' }
23 silly get cb [ 200,
23 silly get   { date: 'Tue, 14 Aug 2018 06:48:44 GMT',
23 silly get     'content-type': 'application/json; charset=UTF-8',
23 silly get     'transfer-encoding': 'chunked',
23 silly get     connection: 'keep-alive',
23 silly get     'set-cookie': [ '__cfduid=d1b0d35512889e23a5d1967bd4d08a0101534229323; expires=Wed, 14-Aug-19 06:48:43 GMT; path=/; domain=.registry.npmjs.org; HttpOnly' ],
23 silly get     'cache-control': 'max-age=300',
23 silly get     'cf-cache-status': 'REVALIDATED',
23 silly get     'cf-ray': '44a17a398616b086-HKG',
23 silly get     etag: 'W/"92e711438a4588916b8d95c9ce50334b"',
23 silly get     'expect-ct': 'max-age=604800, report-uri="https://report-uri.cloudflare.com/cdn-cgi/beacon/expect-ct"',
23 silly get     'last-modified': 'Tue, 29 May 2018 05:02:03 GMT',
23 silly get     vary: 'accept-encoding, accept',
23 silly get     server: 'cloudflare',
23 silly get     'content-encoding': 'gzip' } ]
24 verbose get saving layui-src to /Users/wangluyang/.npm/registry.npmjs.org/layui-src/.cache.json
25 verbose correctMkdir /Users/wangluyang/.npm correctMkdir not in flight; initializing
26 silly install normalizeTree
27 silly loadCurrentTree Finishing
28 silly loadIdealTree Starting
29 silly install loadIdealTree
30 silly cloneCurrentTree Starting
31 silly install cloneCurrentTreeToIdealTree
32 silly cloneCurrentTree Finishing
33 silly loadShrinkwrap Starting
34 silly install loadShrinkwrap
35 silly loadShrinkwrap Finishing
36 silly loadAllDepsIntoIdealTree Starting
37 silly install loadAllDepsIntoIdealTree
38 silly resolveWithNewModule layui-src@2.3.0 checking installable status
39 silly cache add args [ 'layui-src', null ]
40 verbose cache add spec layui-src
41 silly cache add parsed spec Result {
41 silly cache add   raw: 'layui-src',
41 silly cache add   scope: null,
41 silly cache add   escapedName: 'layui-src',
41 silly cache add   name: 'layui-src',
41 silly cache add   rawSpec: '',
41 silly cache add   spec: 'latest',
41 silly cache add   type: 'tag' }
42 silly addNamed layui-src@latest
43 verbose addNamed "latest" is being treated as a dist-tag for layui-src
44 info addNameTag [ 'layui-src', 'latest' ]
45 silly mapToRegistry name layui-src
46 silly mapToRegistry using default registry
47 silly mapToRegistry registry http://registry.npmjs.org/
48 silly mapToRegistry data Result {
48 silly mapToRegistry   raw: 'layui-src',
48 silly mapToRegistry   scope: null,
48 silly mapToRegistry   escapedName: 'layui-src',
48 silly mapToRegistry   name: 'layui-src',
48 silly mapToRegistry   rawSpec: '',
48 silly mapToRegistry   spec: 'latest',
48 silly mapToRegistry   type: 'tag' }
49 silly mapToRegistry uri http://registry.npmjs.org/layui-src
50 verbose addNameTag registry:http://registry.npmjs.org/layui-src not in flight; fetching
51 verbose get http://registry.npmjs.org/layui-src not expired, no request
52 silly addNameTag next cb for layui-src with tag latest
53 silly addNamed layui-src@2.3.0
54 verbose addNamed "2.3.0" is a plain semver version for layui-src
55 silly mapToRegistry name layui-src
56 silly mapToRegistry using default registry
57 silly mapToRegistry registry http://registry.npmjs.org/
58 silly mapToRegistry data Result {
58 silly mapToRegistry   raw: 'layui-src',
58 silly mapToRegistry   scope: null,
58 silly mapToRegistry   escapedName: 'layui-src',
58 silly mapToRegistry   name: 'layui-src',
58 silly mapToRegistry   rawSpec: '',
58 silly mapToRegistry   spec: 'latest',
58 silly mapToRegistry   type: 'tag' }
59 silly mapToRegistry uri http://registry.npmjs.org/layui-src
60 verbose addRemoteTarball http://registry.npmjs.org/layui-src/-/layui-src-2.3.0.tgz not in flight; adding
61 verbose addRemoteTarball [ 'http://registry.npmjs.org/layui-src/-/layui-src-2.3.0.tgz',
61 verbose addRemoteTarball   '9ec19286d04db2874caa19e8b3353ae48c9bee02' ]
62 info retry fetch attempt 1 at 14:48:49
63 info attempt registry request try #1 at 14:48:49
64 http fetch GET http://registry.npmjs.org/layui-src/-/layui-src-2.3.0.tgz
65 http fetch 200 http://registry.npmjs.org/layui-src/-/layui-src-2.3.0.tgz
66 info retry will retry, error on last attempt: Error: read ECONNRESET
67 silly fetchAndShaCheck shasum 9ec19286d04db2874caa19e8b3353ae48c9bee02
68 silly rollbackFailedOptional Starting
69 silly rollbackFailedOptional Finishing
70 silly runTopLevelLifecycles Finishing
71 silly install printInstalled
72 verbose stack Error: shasum check failed for /var/folders/qk/fz47vdz153d154npdzy2vg980000gn/T/npm-5182-89330aaf/registry.npmjs.org/layui-src/-/layui-src-2.3.0.tgz
72 verbose stack Expected: 9ec19286d04db2874caa19e8b3353ae48c9bee02
72 verbose stack Actual:   4e2bdafb88ef8577d5d3d3c28026929bdd8d45a6
72 verbose stack From:     http://registry.npmjs.org/layui-src/-/layui-src-2.3.0.tgz
72 verbose stack     at /usr/local/lib/node_modules/npm/node_modules/sha/index.js:25:8
72 verbose stack     at ReadStream.<anonymous> (/usr/local/lib/node_modules/npm/node_modules/sha/index.js:72:7)
72 verbose stack     at emitNone (events.js:91:20)
72 verbose stack     at ReadStream.emit (events.js:185:7)
72 verbose stack     at endReadableNT (_stream_readable.js:974:12)
72 verbose stack     at _combinedTickCallback (internal/process/next_tick.js:80:11)
72 verbose stack     at process._tickCallback (internal/process/next_tick.js:104:9)
73 verbose cwd /Users/wangluyang/gitguoxin/cust-web
74 error Darwin 17.4.0
75 error argv "/usr/local/bin/node" "/usr/local/bin/npm" "install" "layui-src"
76 error node v6.11.3
77 error npm  v3.10.10
78 error shasum check failed for /var/folders/qk/fz47vdz153d154npdzy2vg980000gn/T/npm-5182-89330aaf/registry.npmjs.org/layui-src/-/layui-src-2.3.0.tgz
78 error Expected: 9ec19286d04db2874caa19e8b3353ae48c9bee02
78 error Actual:   4e2bdafb88ef8577d5d3d3c28026929bdd8d45a6
78 error From:     http://registry.npmjs.org/layui-src/-/layui-src-2.3.0.tgz
79 error If you need help, you may report this error at:
79 error     <https://github.com/npm/npm/issues>
80 verbose exit [ 1, true ]
